#
# There is insufficient memory for the Java Runtime Environment to continue.
# Native memory allocation (mmap) failed to map 234881024 bytes for Failed to commit area from 0x0000000720e00000 to 0x000000072ee00000 of length 234881024.
# Possible reasons:
#   The system is out of physical RAM or swap space
#   The process is running with CompressedOops enabled, and the Java Heap may be blocking the growth of the native heap
# Possible solutions:
#   Reduce memory load on the system
#   Increase physical memory or swap space
#   Check if swap backing store is full
#   Decrease Java heap size (-Xmx/-Xms)
#   Decrease number of Java threads
#   Decrease Java thread stack sizes (-Xss)
#   Set larger code cache with -XX:ReservedCodeCacheSize=
# This output file may be truncated or incomplete.
#
#  Out of Memory Error (./src/hotspot/os/windows/os_windows.cpp:3301), pid=25476, tid=14712
#
# JRE version:  (11.0.10+9) (build )
# Java VM: Dynamic Code Evolution 64-Bit Server VM (11.0.10+9-b1341.35, mixed mode, sharing, tiered, compressed oops, g1 gc, windows-amd64)
# No core dump will be written. Minidumps are not enabled by default on client versions of Windows
#

---------------  S U M M A R Y ------------

Command Line: org.jetbrains.git4idea.http.GitAskPassApp Username for 'https://github.com': 

Host: Intel(R) Core(TM) i5-7300HQ CPU @ 2.50GHz, 4 cores, 13G,  Windows 10 , 64 bit Build 19041 (10.0.19041.804)
Time: Mon May 10 23:03:36 2021 RTZ 6 (зима) elapsed time: 0.019097 seconds (0d 0h 0m 0s)

---------------  T H R E A D  ---------------

Current thread (0x000001bccb036800):  JavaThread "Unknown thread" [_thread_in_vm, id=14712, stack(0x0000008f1b000000,0x0000008f1b100000)]

Stack: [0x0000008f1b000000,0x0000008f1b100000]
Native frames: (J=compiled Java code, j=interpreted, Vv=VM code, C=native code)
V  [jvm.dll+0x5f84fa]
V  [jvm.dll+0x77e085]
V  [jvm.dll+0x77f5dd]
V  [jvm.dll+0x77fc93]
V  [jvm.dll+0x2457e8]
V  [jvm.dll+0x5f58f4]
V  [jvm.dll+0x5ea975]
V  [jvm.dll+0x30228b]
V  [jvm.dll+0x3021fa]
V  [jvm.dll+0x3020d2]
V  [jvm.dll+0x306fb6]
V  [jvm.dll+0x34f843]
V  [jvm.dll+0x34ff46]
V  [jvm.dll+0x34f943]
V  [jvm.dll+0x2dbcb8]
V  [jvm.dll+0x2dce57]
V  [jvm.dll+0x75c4d7]
V  [jvm.dll+0x75dd6c]
V  [jvm.dll+0x35cdb9]
V  [jvm.dll+0x73fc9e]
V  [jvm.dll+0x3c5663]
V  [jvm.dll+0x3c7a21]
C  [jli.dll+0x5373]
C  [ucrtbase.dll+0x21bb2]
C  [KERNEL32.DLL+0x17034]
C  [ntdll.dll+0x52651]


---------------  P R O C E S S  ---------------

Threads class SMR info:
_java_thread_list=0x000001bccae93890, length=0, elements={
}

Java Threads: ( => current thread )

Other Threads:
  0x000001bccb04e000 GCTaskThread "GC Thread#0" [stack: 0x0000008f1b100000,0x0000008f1b200000] [id=11080]
  0x000001bccb09f000 ConcurrentGCThread "G1 Main Marker" [stack: 0x0000008f1b200000,0x0000008f1b300000] [id=17688]
  0x000001bccb0a2800 ConcurrentGCThread "G1 Conc#0" [stack: 0x0000008f1b300000,0x0000008f1b400000] [id=1244]

[error occurred during error reporting (printing all threads), id 0xc0000005, EXCEPTION_ACCESS_VIOLATION (0xc0000005) at pc=0x00007ff9a5b6c437]

VM state:not at safepoint (not fully initialized)

VM Mutex/Monitor currently owned by a thread:  ([mutex/lock_event])
[0x000001bccb032660] Heap_lock - owner thread: 0x000001bccb036800

Heap address: 0x0000000720e00000, size: 3570 MB, Compressed Oops mode: Non-zero based: 0x0000000720e00000
Narrow klass base: 0x0000000000000000, Narrow klass shift: 0

GC Heap History (0 events):
No events

Deoptimization events (0 events):
No events

Classes redefined (0 events):
No events

Internal exceptions (0 events):
No events

Events (1 events):
Event: 0.012 Loaded shared library C:\Users\xo3ab\AppData\Local\JetBrains\Toolbox\apps\Rider\ch-0\211.6693.127\jbr\bin\zip.dll


Dynamic libraries:
0x00007ff66d9e0000 - 0x00007ff66d9ea000 	C:\Users\xo3ab\AppData\Local\JetBrains\Toolbox\apps\Rider\ch-0\211.6693.127\jbr\bin\java.exe
0x00007ff9f3250000 - 0x00007ff9f3445000 	C:\WINDOWS\SYSTEM32\ntdll.dll
0x00007ff9a0b10000 - 0x00007ff9a0b23000 	C:\Program Files\AVAST Software\Avast\aswhook.dll
0x00007ff9f17d0000 - 0x00007ff9f188d000 	C:\WINDOWS\System32\KERNEL32.DLL
0x00007ff9f0c30000 - 0x00007ff9f0ef9000 	C:\WINDOWS\System32\KERNELBASE.dll
0x00007ff9f0f00000 - 0x00007ff9f1000000 	C:\WINDOWS\System32\ucrtbase.dll
0x00007ff9e32f0000 - 0x00007ff9e3309000 	C:\Users\xo3ab\AppData\Local\JetBrains\Toolbox\apps\Rider\ch-0\211.6693.127\jbr\bin\jli.dll
0x00007ff9e24a0000 - 0x00007ff9e24b7000 	C:\Users\xo3ab\AppData\Local\JetBrains\Toolbox\apps\Rider\ch-0\211.6693.127\jbr\bin\VCRUNTIME140.dll
0x00007ff9f1440000 - 0x00007ff9f15e0000 	C:\WINDOWS\System32\USER32.dll
0x00007ff9f0c00000 - 0x00007ff9f0c22000 	C:\WINDOWS\System32\win32u.dll
0x00007ff9df480000 - 0x00007ff9df71a000 	C:\WINDOWS\WinSxS\amd64_microsoft.windows.common-controls_6595b64144ccf1df_6.0.19041.844_none_ca00b6081b84eb1d\COMCTL32.dll
0x00007ff9f2bb0000 - 0x00007ff9f2bda000 	C:\WINDOWS\System32\GDI32.dll
0x00007ff9f1920000 - 0x00007ff9f19be000 	C:\WINDOWS\System32\msvcrt.dll
0x00007ff9f09f0000 - 0x00007ff9f0afb000 	C:\WINDOWS\System32\gdi32full.dll
0x00007ff9f1000000 - 0x00007ff9f109d000 	C:\WINDOWS\System32\msvcp_win.dll
0x00007ff9f1890000 - 0x00007ff9f18c0000 	C:\WINDOWS\System32\IMM32.DLL
0x00007ff9d04b0000 - 0x00007ff9d054d000 	C:\Users\xo3ab\AppData\Local\JetBrains\Toolbox\apps\Rider\ch-0\211.6693.127\jbr\bin\msvcp140.dll
0x00007ff9a5880000 - 0x00007ff9a63cf000 	C:\Users\xo3ab\AppData\Local\JetBrains\Toolbox\apps\Rider\ch-0\211.6693.127\jbr\bin\server\jvm.dll
0x00007ff9f20f0000 - 0x00007ff9f219c000 	C:\WINDOWS\System32\ADVAPI32.dll
0x00007ff9f1b70000 - 0x00007ff9f1c0c000 	C:\WINDOWS\System32\sechost.dll
0x00007ff9f30e0000 - 0x00007ff9f320b000 	C:\WINDOWS\System32\RPCRT4.dll
0x00007ff9f30d0000 - 0x00007ff9f30d8000 	C:\WINDOWS\System32\PSAPI.DLL
0x00007ff9df370000 - 0x00007ff9df379000 	C:\WINDOWS\SYSTEM32\WSOCK32.dll
0x00007ff9e7670000 - 0x00007ff9e767a000 	C:\WINDOWS\SYSTEM32\VERSION.dll
0x00007ff9f1c10000 - 0x00007ff9f1c7b000 	C:\WINDOWS\System32\WS2_32.dll
0x00007ff9df960000 - 0x00007ff9df987000 	C:\WINDOWS\SYSTEM32\WINMM.dll
0x00007ff9ef250000 - 0x00007ff9ef262000 	C:\WINDOWS\SYSTEM32\kernel.appcore.dll
0x00007ff9eaaa0000 - 0x00007ff9eaab1000 	C:\Users\xo3ab\AppData\Local\JetBrains\Toolbox\apps\Rider\ch-0\211.6693.127\jbr\bin\verify.dll
0x00007ff9e4650000 - 0x00007ff9e4834000 	C:\WINDOWS\SYSTEM32\DBGHELP.DLL
0x00007ff9e4980000 - 0x00007ff9e49ac000 	C:\WINDOWS\SYSTEM32\dbgcore.DLL
0x00007ff9f0b80000 - 0x00007ff9f0c00000 	C:\WINDOWS\System32\bcryptPrimitives.dll
0x00007ff9eaa50000 - 0x00007ff9eaa79000 	C:\Users\xo3ab\AppData\Local\JetBrains\Toolbox\apps\Rider\ch-0\211.6693.127\jbr\bin\java.dll
0x00007ff9ea890000 - 0x00007ff9ea89b000 	C:\Users\xo3ab\AppData\Local\JetBrains\Toolbox\apps\Rider\ch-0\211.6693.127\jbr\bin\jimage.dll
0x00007ff9ea810000 - 0x00007ff9ea828000 	C:\Users\xo3ab\AppData\Local\JetBrains\Toolbox\apps\Rider\ch-0\211.6693.127\jbr\bin\zip.dll

dbghelp: loaded successfully - version: 4.0.5 - missing functions: none
symbol engine: initialized successfully - sym options: 0x614 - pdb path: .;C:\Users\xo3ab\AppData\Local\JetBrains\Toolbox\apps\Rider\ch-0\211.6693.127\jbr\bin;C:\WINDOWS\SYSTEM32;C:\Program Files\AVAST Software\Avast;C:\WINDOWS\WinSxS\amd64_microsoft.windows.common-controls_6595b64144ccf1df_6.0.19041.844_none_ca00b6081b84eb1d;C:\Users\xo3ab\AppData\Local\JetBrains\Toolbox\apps\Rider\ch-0\211.6693.127\jbr\bin\server

VM Arguments:
java_command: org.jetbrains.git4idea.http.GitAskPassApp Username for 'https://github.com': 
java_class_path (initial): C:/Users/xo3ab/AppData/Local/JetBrains/Toolbox/apps/Rider/ch-0/211.6693.127/plugins/git4idea/lib/git4idea-rt.jar;C:/Users/xo3ab/AppData/Local/JetBrains/Toolbox/apps/Rider/ch-0/211.6693.127/lib/xmlrpc-2.0.1.jar;C:/Users/xo3ab/AppData/Local/JetBrains/Toolbox/apps/Rider/ch-0/211.6693.127/lib/commons-codec-1.15.jar
Launcher Type: SUN_STANDARD

[Global flags]
     intx CICompilerCount                          = 3                                         {product} {ergonomic}
     uint ConcGCThreads                            = 1                                         {product} {ergonomic}
     uint G1ConcRefinementThreads                  = 4                                         {product} {ergonomic}
   size_t G1HeapRegionSize                         = 1048576                                   {product} {ergonomic}
    uintx GCDrainStackTargetSize                   = 64                                        {product} {ergonomic}
   size_t InitialHeapSize                          = 234881024                                 {product} {ergonomic}
   size_t MarkStackSize                            = 4194304                                   {product} {ergonomic}
   size_t MaxHeapSize                              = 3743416320                                {product} {ergonomic}
   size_t MinHeapDeltaBytes                        = 1048576                                   {product} {ergonomic}
    uintx NonNMethodCodeHeapSize                   = 5830732                                {pd product} {ergonomic}
    uintx NonProfiledCodeHeapSize                  = 122913754                              {pd product} {ergonomic}
    uintx ProfiledCodeHeapSize                     = 122913754                              {pd product} {ergonomic}
    uintx ReservedCodeCacheSize                    = 251658240                              {pd product} {ergonomic}
     bool SegmentedCodeCache                       = true                                      {product} {ergonomic}
     bool UseCompressedClassPointers               = true                                 {lp64_product} {ergonomic}
     bool UseCompressedOops                        = true                                 {lp64_product} {ergonomic}
     bool UseG1GC                                  = true                                      {product} {ergonomic}
     bool UseLargePagesIndividualAllocation        = false                                  {pd product} {ergonomic}

Logging:
Log output configuration:
 #0: stdout all=warning uptime,level,tags
 #1: stderr all=off uptime,level,tags

Environment Variables:
PATH=C:/Program Files/Git/mingw64/libexec/git-core;C:/Program Files/Git/mingw64/libexec/git-core;C:\Program Files\Git\mingw64\bin;C:\Program Files\Git\usr\bin;C:\Users\xo3ab\bin;C:\app\sergeyRyzhikh\product\18.0.0\dbhomeXE\bin;C:\WINDOWS\system32;C:\WINDOWS;C:\WINDOWS\System32\Wbem;C:\WINDOWS\System32\WindowsPowerShell\v1.0\;C:\WINDOWS\System32\OpenSSH\;C:\Program Files\Microsoft SQL Server\Client SDK\ODBC\130\Tools\Binn\;C:\Program Files (x86)\Microsoft SQL Server\140\Tools\Binn\;C:\Program Files\Microsoft SQL Server\140\Tools\Binn\;C:\Program Files\Microsoft SQL Server\140\DTS\Binn\;C:\Program Files\Microsoft SQL Server\130\Tools\Binn\;C:\Program Files\Microsoft SQL Server\Client SDK\ODBC\170\Tools\Binn\;C:\Program Files (x86)\NVIDIA Corporation\PhysX\Common;C:\WINDOWS\system32;C:\WINDOWS;C:\WINDOWS\System32\Wbem;C:\WINDOWS\System32\WindowsPowerShell\v1.0\;C:\WINDOWS\System32\OpenSSH\;C:\Program Files\Git\cmd;C:\Program Files\Redis\;C:\Program Files\nodejs\;C:\Program Files\NVIDIA Corporation\NVIDIA NvDLISR;C:\Program Files\dotnet\;C:\Program Files (x86)\dotnet\;C:\Program Files\MySQL\MySQL Shell 8.0\bin\;C:\Users\xo3ab\AppData\Local\Microsoft\WindowsApps;C:\Users\xo3ab\AppData\Local\Programs\Microsoft VS Code\bin;C:\Users\xo3ab\AppData\Roaming\npm;C:\Users\xo3ab\GitRepositories\Config-fps\Server\venv\Scripts;C:\Users\xo3ab\.dotnet\tools
USERNAME=sergeyRyzhikh
DISPLAY=:0.0
LC_ALL=en_US.UTF-8
OS=Windows_NT
PROCESSOR_IDENTIFIER=Intel64 Family 6 Model 158 Stepping 9, GenuineIntel



---------------  S Y S T E M  ---------------

OS: Windows 10 , 64 bit Build 19041 (10.0.19041.804)
OS uptime: 17 days 21:38 hours

CPU:total 4 (initial active 4) (4 cores per cpu, 1 threads per core) family 6 model 158 stepping 9 microcode 0xde, cmov, cx8, fxsr, mmx, sse, sse2, sse3, ssse3, sse4.1, sse4.2, popcnt, avx, avx2, aes, clmul, erms, 3dnowpref, lzcnt, tsc, tscinvbit, bmi1, bmi2, adx, fma

Memory: 4k page, system-wide physical 14272M (2231M free)
TotalPageFile size 28424M (AvailPageFile size 211M)
current process WorkingSet (physical memory assigned to process): 10M, peak: 10M
current process commit charge ("private bytes"): 52M, peak: 276M

vm_info: Dynamic Code Evolution 64-Bit Server VM (11.0.10+9-b1341.35) for windows-amd64 JRE (11.0.10+9-b1341.35), built on Mar 31 2021 02:11:12 by "" with MS VC++ 14.0 (VS2015)

END.
